[debug] [2023-07-27T05:43:31.776Z] ----------------------------------------------------------------------
[debug] [2023-07-27T05:43:31.780Z] Command:       C:\Program Files\nodejs\node.exe C:\Users\Anakha.DESKTOP-JCD0B2K\AppData\Roaming\npm\node_modules\firebase-tools\lib\bin\firebase.js init hosting
[debug] [2023-07-27T05:43:31.781Z] CLI Version:   12.4.0
[debug] [2023-07-27T05:43:31.781Z] Platform:      win32
[debug] [2023-07-27T05:43:31.782Z] Node Version:  v16.14.2
[debug] [2023-07-27T05:43:31.783Z] Time:          Thu Jul 27 2023 11:13:31 GMT+0530 (India Standard Time)
[debug] [2023-07-27T05:43:31.783Z] ----------------------------------------------------------------------
[debug] 
[debug] [2023-07-27T05:43:31.798Z] > command requires scopes: ["email","openid","https://www.googleapis.com/auth/cloudplatformprojects.readonly","https://www.googleapis.com/auth/firebase","https://www.googleapis.com/auth/cloud-platform"]
[debug] [2023-07-27T05:43:31.799Z] > authorizing via signed-in user (anakhasuresh20@gmail.com)
[info] 
     ######## #### ########  ######## ########     ###     ######  ########
     ##        ##  ##     ## ##       ##     ##  ##   ##  ##       ##
     ######    ##  ########  ######   ########  #########  ######  ######
     ##        ##  ##    ##  ##       ##     ## ##     ##       ## ##
     ##       #### ##     ## ######## ########  ##     ##  ######  ########

You're about to initialize a Firebase project in this directory:

  C:\Users\Anakha.DESKTOP-JCD0B2K\Desktop\Angular\projects\WeTalk-laravel

[info] 
=== Project Setup
[info] 
[info] First, let's associate this project directory with a Firebase project.
[info] You can create multiple project aliases by running firebase use --add, 
[info] but for now we'll just set up a default project.
[info] 
[debug] [2023-07-27T05:43:37.450Z] >>> [apiv2][query] GET https://firebase.googleapis.com/v1beta1/projects pageSize=100
[debug] [2023-07-27T05:43:38.367Z] <<< [apiv2][status] GET https://firebase.googleapis.com/v1beta1/projects 200
[debug] [2023-07-27T05:43:38.368Z] <<< [apiv2][body] GET https://firebase.googleapis.com/v1beta1/projects [omitted]
[info] i  Using project wetalk-chat-backend (WeTalk-Chat-backend) 
[info] 
=== Hosting Setup
[info] 
[info] Your public directory is the folder (relative to your project directory) that
[info] will contain Hosting assets to be uploaded with firebase deploy. If you
[info] have a build process for your assets, use your build's output directory.
[info] 
